<?xml version="1.0" encoding="UTF-8"?>
<testsuite name="bluestaq.FloorTest" tests="3" skipped="0" failures="0" errors="0" timestamp="2024-06-22T03:13:26" hostname="DESKTOP-RPHPI7L" time="0.002">
  <properties/>
  <testcase name="pressDownButtonTest()" classname="bluestaq.FloorTest" time="0.0"/>
  <testcase name="floorInitTest()" classname="bluestaq.FloorTest" time="0.0"/>
  <testcase name="pressUpButtonTest()" classname="bluestaq.FloorTest" time="0.0"/>
  <system-out><![CDATA[]]></system-out>
  <system-err><![CDATA[]]></system-err>
</testsuite>
