<?xml version="1.0" encoding="UTF-8"?>
<testsuite name="bluestaq.BuildingTest" tests="4" skipped="0" failures="0" errors="0" timestamp="2024-06-21T18:00:28" hostname="DESKTOP-RPHPI7L" time="0.049">
  <properties/>
  <testcase name="badInitTest()" classname="bluestaq.BuildingTest" time="0.024"/>
  <testcase name="elevatorDispatchTest()" classname="bluestaq.BuildingTest" time="0.012"/>
  <testcase name="initTest()" classname="bluestaq.BuildingTest" time="0.001"/>
  <testcase name="systemTest()" classname="bluestaq.BuildingTest" time="0.007"/>
  <system-out><![CDATA[]]></system-out>
  <system-err><![CDATA[]]></system-err>
</testsuite>
