<?xml version="1.0" encoding="UTF-8"?>
<testsuite name="bluestaq.PersonTest" tests="3" skipped="0" failures="0" errors="0" timestamp="2024-06-22T03:13:26" hostname="DESKTOP-RPHPI7L" time="0.003">
  <properties/>
  <testcase name="goDownTest()" classname="bluestaq.PersonTest" time="0.001"/>
  <testcase name="goUpTest()" classname="bluestaq.PersonTest" time="0.0"/>
  <testcase name="goNowhereTest()" classname="bluestaq.PersonTest" time="0.0"/>
  <system-out><![CDATA[]]></system-out>
  <system-err><![CDATA[]]></system-err>
</testsuite>
