<?xml version="1.0" encoding="UTF-8"?>
<testsuite name="bluestaq.Button.DownButtonTest" tests="2" skipped="0" failures="0" errors="0" timestamp="2024-06-22T03:13:26" hostname="DESKTOP-RPHPI7L" time="0.001">
  <properties/>
  <testcase name="DownButtonInitTest()" classname="bluestaq.Button.DownButtonTest" time="0.001"/>
  <testcase name="pickUpTest()" classname="bluestaq.Button.DownButtonTest" time="0.0"/>
  <system-out><![CDATA[]]></system-out>
  <system-err><![CDATA[]]></system-err>
</testsuite>
